0 info it worked if it ends with ok
1 verbose cli [ 'C:\\Program Files (x86)\\Nodist\\v-x64\\11.11.0\\node.exe',
1 verbose cli   'C:\\Program Files (x86)\\Nodist\\npmv\\4.0.5\\bin\\npm-cli.js',
1 verbose cli   'run',
1 verbose cli   'server' ]
2 info using npm@4.0.5
3 info using node@v11.11.0
4 verbose run-script [ 'preserver', 'server', 'postserver' ]
5 info lifecycle sandbox@1.0.0~preserver: sandbox@1.0.0
6 warn lifecycle The node binary used for scripts is C:\Program Files (x86)\Nodist\bin\node.exe but npm is using C:\Program Files (x86)\Nodist\v-x64\11.11.0\node.exe itself. Use the `--scripts-prepend-node-path` option to include the path for the node binary npm was executed with.
7 silly lifecycle sandbox@1.0.0~preserver: no script for preserver, continuing
8 info lifecycle sandbox@1.0.0~server: sandbox@1.0.0
9 verbose lifecycle sandbox@1.0.0~server: unsafe-perm in lifecycle true
10 verbose lifecycle sandbox@1.0.0~server: PATH: C:\Program Files (x86)\Nodist\npmv\4.0.5\bin\node-gyp-bin;D:\web\github\sandbox\node_modules\.bin;C:\Program Files (x86)\Common Files\Intel\Shared Libraries\redist\intel64\compiler;C:\Program Files (x86)\Intel\Intel(R) Management Engine Components\iCLS\;C:\Program Files\Intel\Intel(R) Management Engine Components\iCLS\;C:\Windows\system32;C:\Windows;C:\Windows\System32\Wbem;C:\Windows\System32\WindowsPowerShell\v1.0\;C:\Program Files (x86)\Intel\Intel(R) Management Engine Components\DAL;C:\Program Files\Intel\Intel(R) Management Engine Components\DAL;C:\Program Files (x86)\Intel\Intel(R) Management Engine Components\IPT;C:\Program Files\Intel\Intel(R) Management Engine Components\IPT;C:\Program Files (x86)\NVIDIA Corporation\PhysX\Common;C:\Program Files\Intel\WiFi\bin\;C:\Program Files\Common Files\Intel\WirelessCommon\;C:\Program Files\Microsoft VS Code\bin;C:\WINDOWS\system32;C:\WINDOWS;C:\WINDOWS\System32\Wbem;C:\WINDOWS\System32\WindowsPowerShell\v1.0\;C:\WINDOWS\System32\OpenSSH\;C:\ProgramData\chocolatey\bin;C:\Program Files (x86)\Nodist\bin;D:\Software\brackets\command;C:\Program Files\Git\cmd;C:\Program Files\NVIDIA Corporation\NVIDIA NvDLISR;C:\Users\kobayashi\AppData\Local\Programs\Python\Python37-32\Scripts\;C:\Users\kobayashi\AppData\Local\Programs\Python\Python37-32\;C:\Ruby25-x64\bin;C:\Users\kobayashi\AppData\Local\Microsoft\WindowsApps;C:\Users\kobayashi\AppData\Local\atom\bin;C:\ProgramData\chocolatey\lib\ghc\tools\ghc-8.6.2\bin;C:\tools\msys64;D:\flutter\bin;
11 verbose lifecycle sandbox@1.0.0~server: CWD: D:\web\github\sandbox
12 silly lifecycle sandbox@1.0.0~server: Args: [ '/d /s /c',
12 silly lifecycle   "browser-sync start --server --files='./*.html, ./*.css'" ]
13 silly lifecycle sandbox@1.0.0~server: Returned: code: 3221225786  signal: null
14 info lifecycle sandbox@1.0.0~server: Failed to exec server script
15 verbose stack Error: sandbox@1.0.0 server: `browser-sync start --server --files='./*.html, ./*.css'`
15 verbose stack Exit status 3221225786
15 verbose stack     at EventEmitter.<anonymous> (C:\Program Files (x86)\Nodist\npmv\4.0.5\lib\utils\lifecycle.js:279:16)
15 verbose stack     at EventEmitter.emit (events.js:197:13)
15 verbose stack     at ChildProcess.<anonymous> (C:\Program Files (x86)\Nodist\npmv\4.0.5\lib\utils\spawn.js:40:14)
15 verbose stack     at ChildProcess.emit (events.js:197:13)
15 verbose stack     at maybeClose (internal/child_process.js:984:16)
15 verbose stack     at Process.ChildProcess._handle.onexit (internal/child_process.js:265:5)
16 verbose pkgid sandbox@1.0.0
17 verbose cwd D:\web\github\sandbox
18 error Windows_NT 10.0.17134
19 error argv "C:\\Program Files (x86)\\Nodist\\v-x64\\11.11.0\\node.exe" "C:\\Program Files (x86)\\Nodist\\npmv\\4.0.5\\bin\\npm-cli.js" "run" "server"
20 error node v11.11.0
21 error npm  v4.0.5
22 error code ELIFECYCLE
23 error sandbox@1.0.0 server: `browser-sync start --server --files='./*.html, ./*.css'`
23 error Exit status 3221225786
24 error Failed at the sandbox@1.0.0 server script 'browser-sync start --server --files='./*.html, ./*.css''.
24 error Make sure you have the latest version of node.js and npm installed.
24 error If you do, this is most likely a problem with the sandbox package,
24 error not with npm itself.
24 error Tell the author that this fails on your system:
24 error     browser-sync start --server --files='./*.html, ./*.css'
24 error You can get information on how to open an issue for this project with:
24 error     npm bugs sandbox
24 error Or if that isn't available, you can get their info via:
24 error     npm owner ls sandbox
24 error There is likely additional logging output above.
25 verbose exit [ 1, true ]
